commit 411948e5009e871a7572fa26b5586f343bc51a56
Author: Griffin Going <griffingoing@gmail.com>
Date:   Fri Oct 25 13:29:58 2019 -0500

    Update JavaDocs

commit 6f0398a12bfaab292d9c58b734517a1624885398
Merge: d624932 0cf8df7
Author: Griffin Going <griffingoing@gmail.com>
Date:   Fri Oct 25 13:26:02 2019 -0500

    Merge branch 'master' of https://github.com/cowlesd/SoftwareDevProj-HR-GG-DC-DP

commit d6249324ea6dfbc437e27670e2fd266a99c8b276
Author: Griffin Going <griffingoing@gmail.com>
Date:   Fri Oct 25 13:25:39 2019 -0500

    UML and FindBugs report

commit 265c2daecbe50f54127aeee03c0aa80307d9a8d5
Author: Griffin Going <griffingoing@gmail.com>
Date:   Fri Oct 25 13:02:23 2019 -0500

    Update .gitignore

commit 0cf8df76fda0ab6c0d46046697feb9bfced8a0e6
Merge: 3de433a 265c2da
Author: Ryan Heaton <heatonr@mail.gvsu.edu>
Date:   Fri Oct 25 13:15:42 2019 -0400

    Merge remote-tracking branch 'origin/master'

commit 3de433a2d9be92e4bb176753024968ab2c116da0
Author: Ryan Heaton <heatonr@mail.gvsu.edu>
Date:   Fri Oct 25 13:15:26 2019 -0400

    Dijkstra JavaDocs

commit 9e48e79391d2305d83757d93dda6aca2f629f6db
Merge: eb009d6 5ed2872
Author: Ryan Heaton <heatonr@mail.gvsu.edu>
Date:   Fri Oct 25 12:42:27 2019 -0400

    Merge remote-tracking branch 'origin/master'
    
    # Conflicts:
    #       .idea/.gitignore
    #       .idea/misc.xml
    #       out/production/SoftwareDevProj-HR-GG-DC-DP/MapApp/Assets/MapFiles/FullMap/NodeSource.txt
    #       src/MapApp/Classes/Building.java
    #       src/MapApp/Classes/DisplayPath.java
    #       src/MapApp/Classes/Node.java

commit 5ed2872ba5e958d8ac505765e4fa96515876e432
Author: Griffin Going <griffingoing@gmail.com>
Date:   Fri Oct 25 12:07:43 2019 -0500

    Add JavaDocs
    
    Update gitignore

commit 772476b62e1b676f844191ccefb49f19998c18dd
Author: Griffin Going <griffingoing@gmail.com>
Date:   Fri Oct 25 11:51:01 2019 -0500

    Clarity update to Node

commit f5ef0d02a1464343e2028332ecc27ff02379943f
Author: Griffin Going <griffingoing@gmail.com>
Date:   Fri Oct 25 11:50:48 2019 -0500

    Update Main.java

commit 085719dd82711dfb67a6d25030d6b4765e7c327c
Author: Griffin Going <griffingoing@gmail.com>
Date:   Fri Oct 25 11:50:43 2019 -0500

    GUI clarity update

commit 3da55de3d234d320aefe22b4e5b57aaf135d10da
Author: Griffin Going <griffingoing@gmail.com>
Date:   Fri Oct 25 11:49:40 2019 -0500

    DrawPanel Clarity update

commit d870566ef6105562265d601ebf947ad339f137d8
Author: Griffin Going <griffingoing@gmail.com>
Date:   Fri Oct 25 11:48:49 2019 -0500

    DisplayPath Clarity update

commit da94a632840da2f45af810101ec071839c5933fe
Author: Griffin Going <griffingoing@gmail.com>
Date:   Fri Oct 25 11:48:30 2019 -0500

    Dijkstra Clarity of Code update

commit 646102f580f252b36a5b14d2d51195c161c9da40
Author: Griffin Going <griffingoing@gmail.com>
Date:   Fri Oct 25 11:48:14 2019 -0500

    Clarity of Code update

commit eb009d61d51451ac486c33e2cf6b253ddcac8261
Author: Ryan Heaton <heatonr@mail.gvsu.edu>
Date:   Fri Oct 25 12:40:41 2019 -0400

    Djikstra Complete

commit 0a44c1e911a07ff7f5bcc7dedbf995f52b597970
Author: Ryan Heaton <heatonr@mail.gvsu.edu>
Date:   Fri Oct 25 12:39:58 2019 -0400

    Djikstra Complete

commit 36877ec79c3814b2ed6a286e61762bbcb37afdea
Author: Ryan Heaton <heatonr@mail.gvsu.edu>
Date:   Fri Oct 25 12:38:34 2019 -0400

    Example Map

commit e8639c14353d103c783d0e2a9e2d2543a7aab58b
Author: Ryan Heaton <heatonr@mail.gvsu.edu>
Date:   Fri Oct 25 12:35:10 2019 -0400

    Djikstra Algorithm Complete

commit ee51e19d4da27647865f6dc0e13f97b94a26d87e
Author: Ryan Heaton <heatonr@mail.gvsu.edu>
Date:   Fri Oct 25 12:03:37 2019 -0400

    Djikstra Algorithm Complete

commit b6755f3e003deaa44912264ebf5c52070f7dc35e
Author: Griffin Going <griffingoing@gmail.com>
Date:   Thu Oct 24 14:51:18 2019 -0500

    Oblgiatory update to moot building class

commit 576ee281538c7dfae223774ee9e23492f67418ce
Author: Griffin Going <griffingoing@gmail.com>
Date:   Thu Oct 24 14:50:52 2019 -0500

    Update GUI w/ Doc Comments

commit eb8d2f70431b85b795273a196b1df44f1b2d62c5
Author: Griffin Going <griffingoing@gmail.com>
Date:   Thu Oct 24 14:50:28 2019 -0500

    Update Node.java w/ documentation comments

commit a90962f029cc2967c23e68fea92352e9f64ac669
Author: Gabriel <cowlesd@mail.gvsu.edu>
Date:   Wed Oct 23 18:13:23 2019 -0400

    This adds a prototype graphbuilder called DrawPanel

commit e904a31c7434781645335e045fd728a0aca12085
Author: Gabriel <cowlesd@mail.gvsu.edu>
Date:   Wed Oct 23 17:59:44 2019 -0400

    This adds a prototype graphbuilder called DrawPanel

commit 6b6e48dee571287c1e09370107b47e2c2297b22e
Author: Gabriel <cowlesd@mail.gvsu.edu>
Date:   Wed Oct 23 17:51:57 2019 -0400

    This adds a prototype graphbuilder called DrawPanel

commit b7326a5722ef6a9d5bb58cefa547ce004aad9622
Author: Gabriel <cowlesd@mail.gvsu.edu>
Date:   Wed Oct 23 17:17:58 2019 -0400

    This adds a prototype graphbuilder called DrawPanel

commit cf0107b8ccca0f4ff49690c37f05809741b9fb27
Author: Gabriel <cowlesd@mail.gvsu.edu>
Date:   Wed Oct 23 13:45:51 2019 -0400

    This adds a prototype graphbuilder called DrawPanel

commit 8b2a84b2297af49309b618d62188198701f84687
Author: Gabriel <cowlesd@mail.gvsu.edu>
Date:   Tue Oct 22 19:42:51 2019 -0400

    This adds a prototype graphbuilder called DrawPanel

commit 2d5b81d0ab575ffa9923e70c3b50fe0c0e5d7a77
Author: Gabriel <cowlesd@mail.gvsu.edu>
Date:   Tue Oct 22 19:24:31 2019 -0400

    This adds a prototype graphbuilder called DrawPanel

commit 39c4dde60a72dfeaa6d98df6c3b4d3282f20938c
Author: Gabriel <cowlesd@mail.gvsu.edu>
Date:   Tue Oct 22 15:48:51 2019 -0400

    This adds a prototype graphbuilder called DrawPanel

commit e0b38f06b962dfe3de22693470c6bea95fcc4390
Author: Gabriel <cowlesd@mail.gvsu.edu>
Date:   Tue Oct 22 15:08:20 2019 -0400

    This adds a prototype graphbuilder called DrawPanel

commit 8e35b5ed30a0f030b4c96608e68892e08ed449bc
Author: David Cowles <Gabriel@admins-MacBook-Air-2.local>
Date:   Mon Oct 21 17:14:09 2019 -0400

    Initial commit
